#
# There is insufficient memory for the Java Runtime Environment to continue.
# Native memory allocation (malloc) failed to allocate 1151536 bytes for Chunk::new
# Possible reasons:
#   The system is out of physical RAM or swap space
#   In 32 bit mode, the process size limit was hit
# Possible solutions:
#   Reduce memory load on the system
#   Increase physical memory or swap space
#   Check if swap backing store is full
#   Use 64 bit Java on a 64 bit OS
#   Decrease Java heap size (-Xmx/-Xms)
#   Decrease number of Java threads
#   Decrease Java thread stack sizes (-Xss)
#   Set larger code cache with -XX:ReservedCodeCacheSize=
# This output file may be truncated or incomplete.
#
#  Out of Memory Error (allocation.cpp:390), pid=1296, tid=0x0000000000002f68
#
# JRE version: OpenJDK Runtime Environment (8.0_76-b03) (build 1.8.0_76-release-b03)
# Java VM: OpenJDK 64-Bit Server VM (25.76-b03 mixed mode windows-amd64 compressed oops)
# Failed to write core dump. Minidumps are not enabled by default on client versions of Windows
#

---------------  T H R E A D  ---------------

Current thread (0x00000000166cb000):  JavaThread "C2 CompilerThread2" daemon [_thread_in_native, id=12136, stack(0x0000000018fb0000,0x00000000190b0000)]

Stack: [0x0000000018fb0000,0x00000000190b0000]
[error occurred during error reporting (printing stack bounds), id 0xc0000005]

Native frames: (J=compiled Java code, j=interpreted, Vv=VM code, C=native code)


Current CompileTask:
C2:3112290 19801       4       com.android.dx.dex.cf.CfTranslator::translate0 (265 bytes)


---------------  P R O C E S S  ---------------

Java Threads: ( => current thread )
  0x0000000020094000 JavaThread "pool-105-thread-8" [_thread_blocked, id=2536, stack(0x000000003d470000,0x000000003d570000)]
  0x0000000020095000 JavaThread "pool-105-thread-7" [_thread_blocked, id=14820, stack(0x000000003d370000,0x000000003d470000)]
  0x0000000020096800 JavaThread "pool-105-thread-6" [_thread_blocked, id=3800, stack(0x000000003d270000,0x000000003d370000)]
  0x000000001c769000 JavaThread "pool-105-thread-5" [_thread_blocked, id=5680, stack(0x000000003d170000,0x000000003d270000)]
  0x000000001c767800 JavaThread "pool-105-thread-4" [_thread_blocked, id=14492, stack(0x000000003d070000,0x000000003d170000)]
  0x000000001c766800 JavaThread "pool-105-thread-3" [_thread_blocked, id=2136, stack(0x000000003cf70000,0x000000003d070000)]
  0x000000001c75e800 JavaThread "pool-105-thread-2" [_thread_blocked, id=8032, stack(0x000000003ce70000,0x000000003cf70000)]
  0x000000001c763000 JavaThread "pool-105-thread-1" [_thread_blocked, id=11536, stack(0x000000003cd70000,0x000000003ce70000)]
  0x000000001c764800 JavaThread "Stdin handler" [_thread_blocked, id=14608, stack(0x000000003cc70000,0x000000003cd70000)]
  0x000000001c762000 JavaThread "Asynchronous log dispatcher for org.gradle.launcher.daemon.server.DefaultDaemonConnection@44359303" [_thread_blocked, id=6232, stack(0x000000003cb70000,0x000000003cc70000)]
  0x000000001c763800 JavaThread "Daemon worker Thread 4" [_thread_in_native, id=14024, stack(0x000000003ca70000,0x000000003cb70000)]
  0x000000001c75d800 JavaThread "Cancel handler" [_thread_blocked, id=12728, stack(0x000000003c970000,0x000000003ca70000)]
  0x000000001c75a800 JavaThread "Handler for socket connection from /127.0.0.1:63373 to /127.0.0.1:64746" [_thread_in_native, id=16260, stack(0x000000003c870000,0x000000003c970000)]
  0x000000001c75a000 JavaThread "Daemon Thread 4" [_thread_blocked, id=13920, stack(0x000000003c770000,0x000000003c870000)]
  0x000000001c760800 JavaThread "pool-22-thread-3" [_thread_blocked, id=15172, stack(0x0000000034270000,0x0000000034370000)]
  0x000000001c75d000 JavaThread "pool-22-thread-1" [_thread_blocked, id=6024, stack(0x0000000034170000,0x0000000034270000)]
  0x000000001c75b800 JavaThread "pool-22-thread-4" [_thread_blocked, id=12876, stack(0x0000000034070000,0x0000000034170000)]
  0x000000001c75f000 JavaThread "pool-22-thread-2" [_thread_blocked, id=7064, stack(0x0000000033f70000,0x0000000034070000)]
  0x000000001c95c800 JavaThread "pool-2-thread-1" [_thread_blocked, id=11712, stack(0x0000000020840000,0x0000000020940000)]
  0x000000001c99b000 JavaThread "File lock request listener" [_thread_in_native, id=11612, stack(0x000000001d1d0000,0x000000001d2d0000)]
  0x000000001a038800 JavaThread "pool-1-thread-1" [_thread_blocked, id=8148, stack(0x000000001b400000,0x000000001b500000)]
  0x000000001a034000 JavaThread "Incoming local TCP Connector on port 63373" [_thread_in_native, id=11056, stack(0x000000001ab80000,0x000000001ac80000)]
  0x000000001866c000 JavaThread "Service Thread" daemon [_thread_blocked, id=4948, stack(0x00000000191b0000,0x00000000192b0000)]
  0x00000000185da800 JavaThread "C1 CompilerThread3" daemon [_thread_blocked, id=10668, stack(0x00000000190b0000,0x00000000191b0000)]
=>0x00000000166cb000 JavaThread "C2 CompilerThread2" daemon [_thread_in_native, id=12136, stack(0x0000000018fb0000,0x00000000190b0000)]
  0x00000000185cc000 JavaThread "C2 CompilerThread1" daemon [_thread_in_native, id=13708, stack(0x0000000018eb0000,0x0000000018fb0000)]
  0x00000000185c9800 JavaThread "C2 CompilerThread0" daemon [_thread_in_native, id=14284, stack(0x0000000018db0000,0x0000000018eb0000)]
  0x00000000185d6800 JavaThread "Attach Listener" daemon [_thread_blocked, id=16144, stack(0x0000000018cb0000,0x0000000018db0000)]
  0x00000000185d5800 JavaThread "Signal Dispatcher" daemon [_thread_blocked, id=5904, stack(0x0000000018bb0000,0x0000000018cb0000)]
  0x00000000166c0800 JavaThread "Finalizer" daemon [_thread_blocked, id=11636, stack(0x00000000189a0000,0x0000000018aa0000)]
  0x00000000028f6000 JavaThread "Reference Handler" daemon [_thread_blocked, id=14000, stack(0x00000000184a0000,0x00000000185a0000)]
  0x0000000002800800 JavaThread "main" [_thread_blocked, id=12924, stack(0x0000000002670000,0x0000000002770000)]

Other Threads:
  0x00000000166b5800 VMThread [stack: 0x00000000183a0000,0x00000000184a0000] [id=10056]
  0x000000001866c800 WatcherThread [stack: 0x00000000192b0000,0x00000000193b0000] [id=9608]

VM state:not at safepoint (normal execution)

VM Mutex/Monitor currently owned by a thread: None

Heap:
 PSYoungGen      total 441856K, used 13093K [0x00000000e0000000, 0x0000000100000000, 0x0000000100000000)
  eden space 359424K, 0% used [0x00000000e0000000,0x00000000e01ec730,0x00000000f5f00000)
  from space 82432K, 13% used [0x00000000f5f00000,0x00000000f69dccf8,0x00000000faf80000)
  to   space 81920K, 0% used [0x00000000fb000000,0x00000000fb000000,0x0000000100000000)
 ParOldGen       total 208384K, used 121574K [0x00000000a0000000, 0x00000000acb80000, 0x00000000e0000000)
  object space 208384K, 58% used [0x00000000a0000000,0x00000000a76b9a10,0x00000000acb80000)
 Metaspace       used 77275K, capacity 81434K, committed 81584K, reserved 1120256K
  class space    used 9822K, capacity 10599K, committed 10672K, reserved 1048576K

Card table byte_map: [0x0000000011cc0000,0x0000000011fd0000] byte_map_base: 0x00000000117c0000

Marking Bits: (ParMarkBitMap*) 0x000000006f509d00
 Begin Bits: [0x00000000129d0000, 0x00000000141d0000)
 End Bits:   [0x00000000141d0000, 0x00000000159d0000)

Polling page: 0x0000000000e80000

CodeCache: size=245760Kb used=56994Kb max_used=58333Kb free=188765Kb
 bounds [0x0000000002900000, 0x0000000006260000, 0x0000000011900000]
 total_blobs=16233 nmethods=15459 adapters=685
 compilation: enabled

Compilation events (10 events):
Event: 3111.896 Thread 0x00000000185da800 19874       3       com.sun.org.apache.xpath.internal.axes.WalkerFactory::isNaturalDocOrder (303 bytes)
Event: 3111.898 Thread 0x00000000185da800 nmethod 19874 0x00000000053159d0 code [0x0000000005315c20, 0x0000000005316b68]
Event: 3111.898 Thread 0x00000000185da800 19875       3       com.sun.org.apache.xpath.internal.axes.WalkerFactory::loadWalkers (98 bytes)
Event: 3111.899 Thread 0x00000000185da800 nmethod 19875 0x0000000005099750 code [0x0000000005099980, 0x000000000509a758]
Event: 3111.899 Thread 0x00000000185da800 19877       3       com.android.build.gradle.internal.pipeline.ImmutableDirectoryInput::<init> (17 bytes)
Event: 3111.899 Thread 0x00000000185da800 nmethod 19877 0x00000000040d4cd0 code [0x00000000040d4e60, 0x00000000040d5218]
Event: 3111.899 Thread 0x00000000185da800 19876       1       com.android.build.gradle.internal.pipeline.ExtendedContentType::getValue (5 bytes)
Event: 3111.900 Thread 0x00000000185da800 nmethod 19876 0x0000000005a2fc10 code [0x0000000005a2fd60, 0x0000000005a2fe70]
Event: 3111.932 Thread 0x00000000185da800 19878       3       org.gradle.internal.metaobject.BeanDynamicObject::access$600 (4 bytes)
Event: 3111.932 Thread 0x00000000185da800 nmethod 19878 0x0000000004f9a110 code [0x0000000004f9a260, 0x0000000004f9a390]

GC Heap History (10 events):
Event: 3107.628 GC heap before
{Heap before GC invocations=43 (full 6):
 PSYoungGen      total 381440K, used 305520K [0x00000000e0000000, 0x0000000100000000, 0x0000000100000000)
  eden space 297984K, 100% used [0x00000000e0000000,0x00000000f2300000,0x00000000f2300000)
  from space 83456K, 9% used [0x00000000f7480000,0x00000000f7bdc040,0x00000000fc600000)
  to   space 83456K, 0% used [0x00000000f2300000,0x00000000f2300000,0x00000000f7480000)
 ParOldGen       total 208384K, used 58295K [0x00000000a0000000, 0x00000000acb80000, 0x00000000e0000000)
  object space 208384K, 27% used [0x00000000a0000000,0x00000000a38ede60,0x00000000acb80000)
 Metaspace       used 76689K, capacity 80810K, committed 80944K, reserved 1120256K
  class space    used 9751K, capacity 10523K, committed 10544K, reserved 1048576K
Event: 3107.643 GC heap after
Heap after GC invocations=43 (full 6):
 PSYoungGen      total 381440K, used 6184K [0x00000000e0000000, 0x0000000100000000, 0x0000000100000000)
  eden space 297984K, 0% used [0x00000000e0000000,0x00000000e0000000,0x00000000f2300000)
  from space 83456K, 7% used [0x00000000f2300000,0x00000000f290a220,0x00000000f7480000)
  to   space 83456K, 0% used [0x00000000fae80000,0x00000000fae80000,0x0000000100000000)
 ParOldGen       total 208384K, used 58303K [0x00000000a0000000, 0x00000000acb80000, 0x00000000e0000000)
  object space 208384K, 27% used [0x00000000a0000000,0x00000000a38efe60,0x00000000acb80000)
 Metaspace       used 76689K, capacity 80810K, committed 80944K, reserved 1120256K
  class space    used 9751K, capacity 10523K, committed 10544K, reserved 1048576K
}
Event: 3109.389 GC heap before
{Heap before GC invocations=44 (full 6):
 PSYoungGen      total 381440K, used 304168K [0x00000000e0000000, 0x0000000100000000, 0x0000000100000000)
  eden space 297984K, 100% used [0x00000000e0000000,0x00000000f2300000,0x00000000f2300000)
  from space 83456K, 7% used [0x00000000f2300000,0x00000000f290a220,0x00000000f7480000)
  to   space 83456K, 0% used [0x00000000fae80000,0x00000000fae80000,0x0000000100000000)
 ParOldGen       total 208384K, used 58303K [0x00000000a0000000, 0x00000000acb80000, 0x00000000e0000000)
  object space 208384K, 27% used [0x00000000a0000000,0x00000000a38efe60,0x00000000acb80000)
 Metaspace       used 77232K, capacity 81364K, committed 81584K, reserved 1120256K
  class space    used 9821K, capacity 10598K, committed 10672K, reserved 1048576K
Event: 3109.414 GC heap after
Heap after GC invocations=44 (full 6):
 PSYoungGen      total 432640K, used 25188K [0x00000000e0000000, 0x00000000ff800000, 0x0000000100000000)
  eden space 357376K, 0% used [0x00000000e0000000,0x00000000e0000000,0x00000000f5d00000)
  from space 75264K, 33% used [0x00000000fae80000,0x00000000fc719168,0x00000000ff800000)
  to   space 79360K, 0% used [0x00000000f5d00000,0x00000000f5d00000,0x00000000faa80000)
 ParOldGen       total 208384K, used 62531K [0x00000000a0000000, 0x00000000acb80000, 0x00000000e0000000)
  object space 208384K, 30% used [0x00000000a0000000,0x00000000a3d10f70,0x00000000acb80000)
 Metaspace       used 77232K, capacity 81364K, committed 81584K, reserved 1120256K
  class space    used 9821K, capacity 10598K, committed 10672K, reserved 1048576K
}
Event: 3109.802 GC heap before
{Heap before GC invocations=45 (full 6):
 PSYoungGen      total 432640K, used 382564K [0x00000000e0000000, 0x00000000ff800000, 0x0000000100000000)
  eden space 357376K, 100% used [0x00000000e0000000,0x00000000f5d00000,0x00000000f5d00000)
  from space 75264K, 33% used [0x00000000fae80000,0x00000000fc719168,0x00000000ff800000)
  to   space 79360K, 0% used [0x00000000f5d00000,0x00000000f5d00000,0x00000000faa80000)
 ParOldGen       total 208384K, used 62531K [0x00000000a0000000, 0x00000000acb80000, 0x00000000e0000000)
  object space 208384K, 30% used [0x00000000a0000000,0x00000000a3d10f70,0x00000000acb80000)
 Metaspace       used 77241K, capacity 81364K, committed 81584K, reserved 1120256K
  class space    used 9821K, capacity 10598K, committed 10672K, reserved 1048576K
Event: 3109.917 GC heap after
Heap after GC invocations=45 (full 6):
 PSYoungGen      total 436736K, used 44735K [0x00000000e0000000, 0x0000000100000000, 0x0000000100000000)
  eden space 357376K, 0% used [0x00000000e0000000,0x00000000e0000000,0x00000000f5d00000)
  from space 79360K, 56% used [0x00000000f5d00000,0x00000000f88afe28,0x00000000faa80000)
  to   space 79872K, 0% used [0x00000000fb200000,0x00000000fb200000,0x0000000100000000)
 ParOldGen       total 208384K, used 78851K [0x00000000a0000000, 0x00000000acb80000, 0x00000000e0000000)
  object space 208384K, 37% used [0x00000000a0000000,0x00000000a4d00e30,0x00000000acb80000)
 Metaspace       used 77241K, capacity 81364K, committed 81584K, reserved 1120256K
  class space    used 9821K, capacity 10598K, committed 10672K, reserved 1048576K
}
Event: 3110.463 GC heap before
{Heap before GC invocations=46 (full 6):
 PSYoungGen      total 436736K, used 402111K [0x00000000e0000000, 0x0000000100000000, 0x0000000100000000)
  eden space 357376K, 100% used [0x00000000e0000000,0x00000000f5d00000,0x00000000f5d00000)
  from space 79360K, 56% used [0x00000000f5d00000,0x00000000f88afe28,0x00000000faa80000)
  to   space 79872K, 0% used [0x00000000fb200000,0x00000000fb200000,0x0000000100000000)
 ParOldGen       total 208384K, used 78851K [0x00000000a0000000, 0x00000000acb80000, 0x00000000e0000000)
  object space 208384K, 37% used [0x00000000a0000000,0x00000000a4d00e30,0x00000000acb80000)
 Metaspace       used 77246K, capacity 81428K, committed 81584K, reserved 1120256K
  class space    used 9821K, capacity 10598K, committed 10672K, reserved 1048576K
Event: 3110.554 GC heap after
Heap after GC invocations=46 (full 6):
 PSYoungGen      total 439296K, used 52647K [0x00000000e0000000, 0x0000000100000000, 0x0000000100000000)
  eden space 359424K, 0% used [0x00000000e0000000,0x00000000e0000000,0x00000000f5f00000)
  from space 79872K, 65% used [0x00000000fb200000,0x00000000fe569e58,0x0000000100000000)
  to   space 82432K, 0% used [0x00000000f5f00000,0x00000000f5f00000,0x00000000faf80000)
 ParOldGen       total 208384K, used 103924K [0x00000000a0000000, 0x00000000acb80000, 0x00000000e0000000)
  object space 208384K, 49% used [0x00000000a0000000,0x00000000a657d1f0,0x00000000acb80000)
 Metaspace       used 77246K, capacity 81428K, committed 81584K, reserved 1120256K
  class space    used 9821K, capacity 10598K, committed 10672K, reserved 1048576K
}
Event: 3111.840 GC heap before
{Heap before GC invocations=47 (full 6):
 PSYoungGen      total 439296K, used 412071K [0x00000000e0000000, 0x0000000100000000, 0x0000000100000000)
  eden space 359424K, 100% used [0x00000000e0000000,0x00000000f5f00000,0x00000000f5f00000)
  from space 79872K, 65% used [0x00000000fb200000,0x00000000fe569e58,0x0000000100000000)
  to   space 82432K, 0% used [0x00000000f5f00000,0x00000000f5f00000,0x00000000faf80000)
 ParOldGen       total 208384K, used 103924K [0x00000000a0000000, 0x00000000acb80000, 0x00000000e0000000)
  object space 208384K, 49% used [0x00000000a0000000,0x00000000a657d1f0,0x00000000acb80000)
 Metaspace       used 77271K, capacity 81434K, committed 81584K, reserved 1120256K
  class space    used 9822K, capacity 10599K, committed 10672K, reserved 1048576K
Event: 3111.895 GC heap after
Heap after GC invocations=47 (full 6):
 PSYoungGen      total 441856K, used 11123K [0x00000000e0000000, 0x0000000100000000, 0x0000000100000000)
  eden space 359424K, 0% used [0x00000000e0000000,0x00000000e0000000,0x00000000f5f00000)
  from space 82432K, 13% used [0x00000000f5f00000,0x00000000f69dccf8,0x00000000faf80000)
  to   space 81920K, 0% used [0x00000000fb000000,0x00000000fb000000,0x0000000100000000)
 ParOldGen       total 208384K, used 121574K [0x00000000a0000000, 0x00000000acb80000, 0x00000000e0000000)
  object space 208384K, 58% used [0x00000000a0000000,0x00000000a76b9a10,0x00000000acb80000)
 Metaspace       used 77271K, capacity 81434K, committed 81584K, reserved 1120256K
  class space    used 9822K, capacity 10599K, committed 10672K, reserved 1048576K
}

Deoptimization events (10 events):
Event: 3110.128 Thread 0x000000001ab09800 Uncommon trap: reason=null_check action=make_not_entrant pc=0x000000000616460c method=com.android.dx.dex.file.TypeIdsSection.intern(Lcom/android/dx/rop/type/Type;)Lcom/android/dx/dex/file/TypeIdItem; @ 26
Event: 3110.273 Thread 0x0000000020099800 Uncommon trap: reason=unstable_if action=reinterpret pc=0x00000000055d0114 method=com.android.dx.rop.cst.CstNat.equals(Ljava/lang/Object;)Z @ 25
Event: 3110.563 Thread 0x000000001ab0f800 Uncommon trap: reason=predicate action=maybe_recompile pc=0x00000000059488d0 method=com.android.dx.ssa.DomFront.run()[Lcom/android/dx/ssa/DomFront$DomInfo; @ 32
Event: 3110.702 Thread 0x000000001ab07000 Uncommon trap: reason=unstable_if action=reinterpret pc=0x0000000006122da4 method=com.android.dx.rop.code.LocalVariableExtractor.processBlock(I)V @ 208
Event: 3111.544 Thread 0x000000001ab14000 Uncommon trap: reason=class_check action=maybe_recompile pc=0x00000000061ad95c method=com.android.dx.ssa.back.FirstFitLocalCombiningAllocator.findNextUnreservedRopReg(IILcom/android/dx/ssa/back/FirstFitLocalCombiningAllocator$Alignment;)I @ 60
Event: 3111.544 Thread 0x000000001ab14000 Uncommon trap: reason=unstable_if action=reinterpret pc=0x0000000004e2c01c method=com.android.dx.ssa.back.FirstFitLocalCombiningAllocator.findNextUnreservedRopReg(IILcom/android/dx/ssa/back/FirstFitLocalCombiningAllocator$Alignment;)I @ 32
Event: 3111.545 Thread 0x000000001ab14000 Uncommon trap: reason=class_check action=maybe_recompile pc=0x00000000061ad95c method=com.android.dx.ssa.back.FirstFitLocalCombiningAllocator.findNextUnreservedRopReg(IILcom/android/dx/ssa/back/FirstFitLocalCombiningAllocator$Alignment;)I @ 60
Event: 3111.552 Thread 0x000000001ab0e000 Uncommon trap: reason=bimorphic action=maybe_recompile pc=0x0000000004a2ee64 method=java.util.concurrent.locks.AbstractQueuedSynchronizer.acquireQueued(Ljava/util/concurrent/locks/AbstractQueuedSynchronizer$Node;I)Z @ 22
Event: 3111.584 Thread 0x000000001ab09800 Uncommon trap: reason=unstable_if action=reinterpret pc=0x0000000005b77990 method=com.android.dx.dex.code.LocalList$MakeState.snapshot(ILcom/android/dx/rop/code/RegisterSpecSet;)V @ 86
Event: 3111.814 Thread 0x000000001c763800 Uncommon trap: reason=predicate action=maybe_recompile pc=0x0000000005fc27ec method=java.util.TimSort.reverseRange([Ljava/lang/Object;II)V @ 8

Internal exceptions (10 events):
Event: 2614.710 Thread 0x000000001c95c800 Exception <a 'sun/nio/fs/WindowsException'> (0x00000000e01bda68) thrown at [C:\src\android\AOSP-openjdk\external\jetbrains\jdk\hotspot\src\share\vm\prims\jni.cpp, line 709]
Event: 2619.717 Thread 0x000000001c95c800 Exception <a 'sun/nio/fs/WindowsException'> (0x00000000e01beec8) thrown at [C:\src\android\AOSP-openjdk\external\jetbrains\jdk\hotspot\src\share\vm\prims\jni.cpp, line 709]
Event: 2662.390 Thread 0x000000001c95c800 Exception <a 'sun/nio/fs/WindowsException'> (0x00000000e01c0350) thrown at [C:\src\android\AOSP-openjdk\external\jetbrains\jdk\hotspot\src\share\vm\prims\jni.cpp, line 709]
Event: 2858.529 Thread 0x000000001c95c800 Exception <a 'sun/nio/fs/WindowsException'> (0x00000000e01c17d8) thrown at [C:\src\android\AOSP-openjdk\external\jetbrains\jdk\hotspot\src\share\vm\prims\jni.cpp, line 709]
Event: 3094.444 Thread 0x000000001c763800 Exception <a 'java/lang/ClassNotFoundException': asLocalRepo528_5vt4kk9r8fqsolrckivw26tilBeanInfo> (0x00000000e068f390) thrown at [C:\src\android\AOSP-openjdk\external\jetbrains\jdk\hotspot\src\share\vm\classfile\systemDictionary.cpp, line 210]
Event: 3094.444 Thread 0x000000001c763800 Exception <a 'java/lang/ClassNotFoundException': asLocalRepo528_5vt4kk9r8fqsolrckivw26tilCustomizer> (0x00000000e0698f10) thrown at [C:\src\android\AOSP-openjdk\external\jetbrains\jdk\hotspot\src\share\vm\classfile\systemDictionary.cpp, line 210]
Event: 3094.833 Thread 0x000000001c763800 Exception <a 'sun/nio/fs/WindowsException'> (0x00000000e4b40b48) thrown at [C:\src\android\AOSP-openjdk\external\jetbrains\jdk\hotspot\src\share\vm\prims\jni.cpp, line 709]
Event: 3106.447 Thread 0x000000001c763800 Implicit null exception at 0x0000000005d3009f to 0x0000000005d315e5
Event: 3106.814 Thread 0x000000001c763800 Exception <a 'java/io/FileNotFoundException'> (0x00000000f1931f20) thrown at [C:\src\android\AOSP-openjdk\external\jetbrains\jdk\hotspot\src\share\vm\prims\jni.cpp, line 709]
Event: 3110.128 Thread 0x000000001ab09800 Implicit null exception at 0x00000000061633e4 to 0x00000000061645ed

Events (10 events):
Event: 3111.587 Thread 0x00000000185da800 flushing nmethod 0x0000000006046350
Event: 3111.587 Thread 0x00000000185da800 flushing nmethod 0x0000000006055850
Event: 3111.607 Thread 0x000000001ab09800 Thread exited: 0x000000001ab09800
Event: 3111.610 Thread 0x000000001c767800 DEOPT PACKING pc=0x0000000004f1a3ca sp=0x000000003d16e440
Event: 3111.610 Thread 0x000000001c767800 DEOPT UNPACKING pc=0x00000000029475bf sp=0x000000003d16e1c8 mode 0
Event: 3111.814 Thread 0x000000001c763800 Uncommon trap: trap_request=0xffffff86 fr.pc=0x0000000005fc27ec
Event: 3111.814 Thread 0x000000001c763800 DEOPT PACKING pc=0x0000000005fc27ec sp=0x000000003cb6cbb0
Event: 3111.814 Thread 0x000000001c763800 DEOPT UNPACKING pc=0x000000000294556a sp=0x000000003cb6ca38 mode 2
Event: 3111.838 Executing VM operation: ParallelGCFailedAllocation
Event: 3111.896 Executing VM operation: ParallelGCFailedAllocation done


Dynamic libraries:
0x00007ff6f6b70000 - 0x00007ff6f6ba1000 	C:\Program Files\Android\Android Studio\jre\bin\java.exe
0x00007ffa68070000 - 0x00007ffa68241000 	C:\WINDOWS\SYSTEM32\ntdll.dll
0x00007ffa67fc0000 - 0x00007ffa6806b000 	C:\WINDOWS\System32\KERNEL32.DLL
0x00007ffa64560000 - 0x00007ffa6477d000 	C:\WINDOWS\System32\KERNELBASE.dll
0x00007ffa67310000 - 0x00007ffa673b2000 	C:\WINDOWS\System32\ADVAPI32.dll
0x00007ffa671b0000 - 0x00007ffa6724e000 	C:\WINDOWS\System32\msvcrt.dll
0x00007ffa65600000 - 0x00007ffa65659000 	C:\WINDOWS\System32\sechost.dll
0x00007ffa67790000 - 0x00007ffa678b1000 	C:\WINDOWS\System32\RPCRT4.dll
0x00007ffa67620000 - 0x00007ffa67785000 	C:\WINDOWS\System32\USER32.dll
0x00007ffa64a10000 - 0x00007ffa64a2e000 	C:\WINDOWS\System32\win32u.dll
0x00007ffa673c0000 - 0x00007ffa673f4000 	C:\WINDOWS\System32\GDI32.dll
0x00007ffa64830000 - 0x00007ffa649b2000 	C:\WINDOWS\System32\gdi32full.dll
0x00007ffa5fcc0000 - 0x00007ffa5ff39000 	C:\WINDOWS\WinSxS\amd64_microsoft.windows.common-controls_6595b64144ccf1df_6.0.14393.447_none_42191651c6827bb3\COMCTL32.dll
0x00007ffa656d0000 - 0x00007ffa65997000 	C:\WINDOWS\System32\combase.dll
0x00007ffa64c00000 - 0x00007ffa64cf5000 	C:\WINDOWS\System32\ucrtbase.dll
0x00007ffa65440000 - 0x00007ffa654aa000 	C:\WINDOWS\System32\bcryptPrimitives.dll
0x00007ffa67180000 - 0x00007ffa671ae000 	C:\WINDOWS\System32\IMM32.DLL
0x000000006eb90000 - 0x000000006ec62000 	C:\Program Files\Android\Android Studio\jre\jre\bin\msvcr100.dll
0x000000006ed50000 - 0x000000006f584000 	C:\Program Files\Android\Android Studio\jre\jre\bin\server\jvm.dll
0x00007ffa67170000 - 0x00007ffa67178000 	C:\WINDOWS\System32\PSAPI.DLL
0x00007ffa625c0000 - 0x00007ffa625e3000 	C:\WINDOWS\SYSTEM32\WINMM.dll
0x00007ffa61080000 - 0x00007ffa61089000 	C:\WINDOWS\SYSTEM32\WSOCK32.dll
0x00007ffa60080000 - 0x00007ffa6008a000 	C:\WINDOWS\SYSTEM32\VERSION.dll
0x00007ffa67410000 - 0x00007ffa6747a000 	C:\WINDOWS\System32\WS2_32.dll
0x00007ffa61de0000 - 0x00007ffa61e0b000 	C:\WINDOWS\SYSTEM32\WINMMBASE.dll
0x00007ffa649c0000 - 0x00007ffa64a02000 	C:\WINDOWS\System32\cfgmgr32.dll
0x00007ffa61b70000 - 0x00007ffa61b7f000 	C:\Program Files\Android\Android Studio\jre\jre\bin\verify.dll
0x00007ffa5cf60000 - 0x00007ffa5cf89000 	C:\Program Files\Android\Android Studio\jre\jre\bin\java.dll
0x00007ffa5f8d0000 - 0x00007ffa5f8e6000 	C:\Program Files\Android\Android Studio\jre\jre\bin\zip.dll
0x00007ffa659a0000 - 0x00007ffa66ea9000 	C:\WINDOWS\System32\SHELL32.dll
0x00007ffa64d60000 - 0x00007ffa6543a000 	C:\WINDOWS\System32\windows.storage.dll
0x00007ffa644f0000 - 0x00007ffa6453c000 	C:\WINDOWS\System32\powrprof.dll
0x00007ffa67f50000 - 0x00007ffa67fa2000 	C:\WINDOWS\System32\shlwapi.dll
0x00007ffa64550000 - 0x00007ffa6455f000 	C:\WINDOWS\System32\kernel.appcore.dll
0x00007ffa64780000 - 0x00007ffa64829000 	C:\WINDOWS\System32\shcore.dll
0x00007ffa644d0000 - 0x00007ffa644e4000 	C:\WINDOWS\System32\profapi.dll
0x00007ffa5cef0000 - 0x00007ffa5cf0a000 	C:\Program Files\Android\Android Studio\jre\jre\bin\net.dll
0x00007ffa63cd0000 - 0x00007ffa63d2c000 	C:\WINDOWS\system32\mswsock.dll
0x00007ffa5c3d0000 - 0x00007ffa5c3e1000 	C:\Program Files\Android\Android Studio\jre\jre\bin\nio.dll
0x00007ffa56740000 - 0x00007ffa56752000 	C:\Users\Axel\.gradle\native\19\windows-amd64\native-platform.dll
0x00007ffa63f40000 - 0x00007ffa63f57000 	C:\WINDOWS\SYSTEM32\CRYPTSP.dll
0x00007ffa63e50000 - 0x00007ffa63e83000 	C:\WINDOWS\system32\rsaenh.dll
0x00007ffa64410000 - 0x00007ffa6443b000 	C:\WINDOWS\SYSTEM32\bcrypt.dll
0x00007ffa63b50000 - 0x00007ffa63b6f000 	C:\WINDOWS\SYSTEM32\USERENV.dll
0x00007ffa63f60000 - 0x00007ffa63f6b000 	C:\WINDOWS\SYSTEM32\CRYPTBASE.dll
0x00007ffa63a60000 - 0x00007ffa63a98000 	C:\WINDOWS\SYSTEM32\IPHLPAPI.DLL
0x00007ffa67fb0000 - 0x00007ffa67fb8000 	C:\WINDOWS\System32\NSI.dll
0x00007ffa5b4a0000 - 0x00007ffa5b4b6000 	C:\WINDOWS\SYSTEM32\dhcpcsvc6.DLL
0x00007ffa5b480000 - 0x00007ffa5b49a000 	C:\WINDOWS\SYSTEM32\dhcpcsvc.DLL
0x00007ffa61b60000 - 0x00007ffa61b6d000 	C:\Program Files\Android\Android Studio\jre\jre\bin\management.dll

VM Arguments:
jvm_args: -Xmx1536m -Dfile.encoding=windows-1252 -Duser.country=FR -Duser.language=fr -Duser.variant 
java_command: org.gradle.launcher.daemon.bootstrap.GradleDaemon 2.14.1
java_class_path (initial): C:\Program Files\Android\Android Studio\gradle\gradle-2.14.1\lib\gradle-launcher-2.14.1.jar
Launcher Type: SUN_STANDARD

Environment Variables:
PATH=C:\ProgramData\Oracle\Java\javapath;C:\Program Files (x86)\Intel\iCLS Client\;C:\Program Files\Intel\iCLS Client\;C:\Windows\system32;C:\Windows;C:\Windows\System32\Wbem;C:\Windows\System32\WindowsPowerShell\v1.0\;C:\Program Files (x86)\NVIDIA Corporation\PhysX\Common;C:\Program Files (x86)\Intel\Intel(R) Management Engine Components\DAL;C:\Program Files\Intel\Intel(R) Management Engine Components\DAL;C:\Program Files (x86)\Intel\Intel(R) Management Engine Components\IPT;C:\Program Files\Intel\Intel(R) Management Engine Components\IPT;C:\Program Files\Intel\WiFi\bin\;C:\Program Files\Common Files\Intel\WirelessCommon\;C:\Program Files (x86)\BaseX\bin;C:\WINDOWS\system32\config\systemprofile\.dnx\bin;C:\Program Files\Microsoft DNX\Dnvm\;C:\Program Files\Microsoft SQL Server\130\Tools\Binn\;C:\WINDOWS\system32;C:\WINDOWS;C:\WINDOWS\System32\Wbem;C:\WINDOWS\System32\WindowsPowerShell\v1.0\;C:\Program Files (x86)\Skype\Phone\;C:\Program Files\Git\cmd;C:\Program Files (x86)\Windows Kits\10\Windows Performance Toolkit\;C:\Users\Axel\AppData\Local\Microsoft\WindowsApps;;C:\Program Files (x86)\Microsoft VS Code\bin
USERNAME=Axel
OS=Windows_NT
PROCESSOR_IDENTIFIER=Intel64 Family 6 Model 94 Stepping 3, GenuineIntel



---------------  S Y S T E M  ---------------

OS: Windows 10.0 , 64 bit Build 14393 (10.0.14393.0)

CPU:total 8 (4 cores per cpu, 2 threads per core) family 6 model 94 stepping 3, cmov, cx8, fxsr, mmx, sse, sse2, sse3, ssse3, sse4.1, sse4.2, popcnt, avx, avx2, aes, clmul, erms, rtm, 3dnowpref, lzcnt, ht, tsc, tscinvbit, bmi1, bmi2, adx

Memory: 4k page, physical 8284696k(1102468k free), swap 10670224k(4952k free)

vm_info: OpenJDK 64-Bit Server VM (25.76-b03) for windows-amd64 JRE (1.8.0_76-release-b03), built on Jun 29 2016 19:09:20 by "ralucas" with MS VC++ 10.0 (VS2010)

time: Mon Dec 05 12:01:10 2016
elapsed time: 3112 seconds (0d 0h 51m 52s)

